<?xml version="1.0" encoding="UTF-8"?>
<!-- Generated by org.testng.reporters.JUnitReportReporter -->
<testsuite skipped="0" hostname="Srinivasan-PC" name="orderitems.OrderBooking" tests="1" failures="0" timestamp="2019-09-26T20:36:44 IST" time="36.872" errors="0">
  <testcase name="booking" time="36.872" classname="orderitems.OrderBooking"/>
</testsuite> <!-- orderitems.OrderBooking -->
